<?xml version="1.0" encoding="UTF-8"?>
<testsuite xmlns:xsi="http://www.w3.org/2001/XMLSchema-instance" xsi:noNamespaceSchemaLocation="https://maven.apache.org/surefire/maven-surefire-plugin/xsd/surefire-test-report-3.0.xsd" version="3.0" name="com.blckroot.model.CommandTest" time="0.109" tests="48" errors="0" skipped="0" failures="0">
  <properties>
[...]
</properties>
  <testcase name="COMMAND__set_commandName" classname="com.blckroot.model.CommandTest" time="0.033"/>
  <testcase name="COMMAND__set_synopsis" classname="com.blckroot.model.CommandTest" time="0.001"/>
  <testcase name="COMMAND__set_commandName__null" classname="com.blckroot.model.CommandTest" time="0.001"/>
  <testcase name="COMMAND__set_option__longName" classname="com.blckroot.model.CommandTest" time="0.003"/>
  <testcase name="COMMAND__set_version" classname="com.blckroot.model.CommandTest" time="0.001"/>
  <testcase name="COMMAND__set_option__value__string" classname="com.blckroot.model.CommandTest" time="0.0"/>
  <testcase name="COMMAND__set_description__null" classname="com.blckroot.model.CommandTest" time="0.001"/>
  <testcase name="COMMAND__set_commandParentName" classname="com.blckroot.model.CommandTest" time="0.001"/>
  <testcase name="COMMAND__set_positional_parameter__value__boolean" classname="com.blckroot.model.CommandTest" time="0.001"/>
  <testcase name="COMMAND__set_positional_parameter__synopsis" classname="com.blckroot.model.CommandTest" time="0.001"/>
  <testcase name="COMMAND__set_positional_parameter__label" classname="com.blckroot.model.CommandTest" time="0.001"/>
  <testcase name="COMMAND__set_option__value__string__no_shortName" classname="com.blckroot.model.CommandTest" time="0.0"/>
  <testcase name="COMMAND__set_subcommand__null" classname="com.blckroot.model.CommandTest" time="0.001"/>
  <testcase name="COMMAND__set_synopsis__blank" classname="com.blckroot.model.CommandTest" time="0.0"/>
  <testcase name="COMMAND__set_synopsis__empty" classname="com.blckroot.model.CommandTest" time="0.0"/>
  <testcase name="COMMAND__set_option__parameterLabel" classname="com.blckroot.model.CommandTest" time="0.001"/>
  <testcase name="COMMAND__set_option__parameterLabel__no_shortName" classname="com.blckroot.model.CommandTest" time="0.001"/>
  <testcase name="COMMAND__set_option__synopsis__no_shortName" classname="com.blckroot.model.CommandTest" time="0.0"/>
  <testcase name="COMMAND__set_synopsis__null" classname="com.blckroot.model.CommandTest" time="0.0"/>
  <testcase name="COMMAND__set_description__blank" classname="com.blckroot.model.CommandTest" time="0.0"/>
  <testcase name="COMMAND__set_description__empty" classname="com.blckroot.model.CommandTest" time="0.0"/>
  <testcase name="COMMAND__set_subcommand__commandName" classname="com.blckroot.model.CommandTest" time="0.0"/>
  <testcase name="COMMAND__set_commandParentName__blank" classname="com.blckroot.model.CommandTest" time="0.0"/>
  <testcase name="COMMAND__set_commandParentName__empty" classname="com.blckroot.model.CommandTest" time="0.0"/>
  <testcase name="COMMAND__set_option__value__boolean__no_shortName" classname="com.blckroot.model.CommandTest" time="0.001"/>
  <testcase name="COMMAND__set_positional_parameter__value__string" classname="com.blckroot.model.CommandTest" time="0.001"/>
  <testcase name="COMMAND__set_subcommand__parentCommandName" classname="com.blckroot.model.CommandTest" time="0.001"/>
  <testcase name="COMMAND__set_arguments" classname="com.blckroot.model.CommandTest" time="0.001"/>
  <testcase name="COMMAND__set_option__longName__no_shortName" classname="com.blckroot.model.CommandTest" time="0.0"/>
  <testcase name="COMMAND__set_positional_parameter__null" classname="com.blckroot.model.CommandTest" time="0.0"/>
  <testcase name="COMMAND__call" classname="com.blckroot.model.CommandTest" time="0.001"/>
  <testcase name="COMMAND__set_option__shortName" classname="com.blckroot.model.CommandTest" time="0.001"/>
  <testcase name="COMMAND__set_version__blank" classname="com.blckroot.model.CommandTest" time="0.0"/>
  <testcase name="COMMAND__set_version__empty" classname="com.blckroot.model.CommandTest" time="0.0"/>
  <testcase name="COMMAND__set_commandName__blank" classname="com.blckroot.model.CommandTest" time="0.0"/>
  <testcase name="COMMAND__set_commandName__empty" classname="com.blckroot.model.CommandTest" time="0.0"/>
  <testcase name="COMMAND__set_version__null" classname="com.blckroot.model.CommandTest" time="0.0"/>
  <testcase name="COMMAND__set_executesWithoutArguments__false" classname="com.blckroot.model.CommandTest" time="0.001"/>
  <testcase name="COMMAND__set_arguments__blank" classname="com.blckroot.model.CommandTest" time="0.0"/>
  <testcase name="COMMAND__set_arguments__empty" classname="com.blckroot.model.CommandTest" time="0.001"/>
  <testcase name="COMMAND__set_option__value__boolean" classname="com.blckroot.model.CommandTest" time="0.001"/>
  <testcase name="COMMAND__set_arguments__null" classname="com.blckroot.model.CommandTest" time="0.0"/>
  <testcase name="COMMAND__set_commandParentName__null" classname="com.blckroot.model.CommandTest" time="0.0"/>
  <testcase name="COMMAND__set_executesWithoutArguments__null" classname="com.blckroot.model.CommandTest" time="0.0"/>
  <testcase name="COMMAND__set_executesWithoutArguments__true" classname="com.blckroot.model.CommandTest" time="0.001"/>
  <testcase name="COMMAND__set_description" classname="com.blckroot.model.CommandTest" time="0.001"/>
  <testcase name="COMMAND__set_option__null" classname="com.blckroot.model.CommandTest" time="0.001"/>
  <testcase name="COMMAND__set_option__synopsis" classname="com.blckroot.model.CommandTest" time="0.001"/>
</testsuite>